GROUP,PACKAGE,CLASS,INSTRUCTION_MISSED,INSTRUCTION_COVERED,BRANCH_MISSED,BRANCH_COVERED,LINE_MISSED,LINE_COVERED,COMPLEXITY_MISSED,COMPLEXITY_COVERED,METHOD_MISSED,METHOD_COVERED
ceri-m1-techniques-de-test,fr.univavignon.pokedex.api,Team,0,34,0,0,0,4,0,1,0,1
ceri-m1-techniques-de-test,fr.univavignon.pokedex.api,PokedexException,4,0,0,0,2,0,1,0,1,0
ceri-m1-techniques-de-test,fr.univavignon.pokedex.api,PokemonTrainer,0,21,0,0,0,8,0,4,0,4
ceri-m1-techniques-de-test,fr.univavignon.pokedex.api,PokemonComparators,6,48,0,0,1,7,1,2,1,2
ceri-m1-techniques-de-test,fr.univavignon.pokedex.api,PokemonMetadata,0,33,0,0,0,12,0,6,0,6
ceri-m1-techniques-de-test,fr.univavignon.pokedex.api,Pokemon,3,35,0,0,1,11,1,5,1,5
