<?xml version="1.0" encoding="UTF-8" ?>
<testsuite tests="5" failures="0" name="fr.univavignon.pokedex.api.IPokedexTest" time="0.094" errors="0" skipped="0">
  <properties>
[...]
</properties>
  <testcase classname="fr.univavignon.pokedex.api.IPokedexTest" name="getPokemons" time="0"/>
  <testcase classname="fr.univavignon.pokedex.api.IPokedexTest" name="getPokemons2" time="0.082"/>
  <testcase classname="fr.univavignon.pokedex.api.IPokedexTest" name="getSize" time="0.007"/>
  <testcase classname="fr.univavignon.pokedex.api.IPokedexTest" name="getPokemon" time="0.002"/>
  <testcase classname="fr.univavignon.pokedex.api.IPokedexTest" name="addPokemon" time="0.003"/>
</testsuite>